CRITICAL - 2023-11-07 05:29:47 --> Class "App\Controllers\MainModel" not found
in APPPATH\Controllers\MainController.php on line 11.
 1 SYSTEMPATH\CodeIgniter.php(919): App\Controllers\MainController->getUsers()
 2 SYSTEMPATH\CodeIgniter.php(494): CodeIgniter\CodeIgniter->runController(Object(App\Controllers\MainController))
 3 SYSTEMPATH\CodeIgniter.php(353): CodeIgniter\CodeIgniter->handleRequest(null, Object(Config\Cache), false)
 4 FCPATH\index.php(89): CodeIgniter\CodeIgniter->run()
 5 SYSTEMPATH\Commands\Server\rewrite.php(47): require_once('C:\\laragon\\www\\projectbackend\\public\\index.php')
CRITICAL - 2023-11-07 05:30:07 --> Class "App\Controllers\MainModel" not found
in APPPATH\Controllers\MainController.php on line 11.
 1 SYSTEMPATH\CodeIgniter.php(919): App\Controllers\MainController->getUsers()
 2 SYSTEMPATH\CodeIgniter.php(494): CodeIgniter\CodeIgniter->runController(Object(App\Controllers\MainController))
 3 SYSTEMPATH\CodeIgniter.php(353): CodeIgniter\CodeIgniter->handleRequest(null, Object(Config\Cache), false)
 4 FCPATH\index.php(89): CodeIgniter\CodeIgniter->run()
 5 SYSTEMPATH\Commands\Server\rewrite.php(47): require_once('C:\\laragon\\www\\projectbackend\\public\\index.php')
CRITICAL - 2023-11-07 08:35:59 --> Class "App\Controllers\ProductModel" not found
in APPPATH\Controllers\MainController.php on line 30.
 1 SYSTEMPATH\CodeIgniter.php(919): App\Controllers\MainController->register()
 2 SYSTEMPATH\CodeIgniter.php(494): CodeIgniter\CodeIgniter->runController(Object(App\Controllers\MainController))
 3 SYSTEMPATH\CodeIgniter.php(353): CodeIgniter\CodeIgniter->handleRequest(null, Object(Config\Cache), false)
 4 FCPATH\index.php(89): CodeIgniter\CodeIgniter->run()
 5 SYSTEMPATH\Commands\Server\rewrite.php(47): require_once('C:\\laragon\\www\\projectbackend\\public\\index.php')
CRITICAL - 2023-11-07 08:37:41 --> Class "App\Controllers\ProductModel" not found
in APPPATH\Controllers\MainController.php on line 30.
 1 SYSTEMPATH\CodeIgniter.php(919): App\Controllers\MainController->register()
 2 SYSTEMPATH\CodeIgniter.php(494): CodeIgniter\CodeIgniter->runController(Object(App\Controllers\MainController))
 3 SYSTEMPATH\CodeIgniter.php(353): CodeIgniter\CodeIgniter->handleRequest(null, Object(Config\Cache), false)
 4 FCPATH\index.php(89): CodeIgniter\CodeIgniter->run()
 5 SYSTEMPATH\Commands\Server\rewrite.php(47): require_once('C:\\laragon\\www\\projectbackend\\public\\index.php')
CRITICAL - 2023-11-07 08:37:42 --> Class "App\Controllers\ProductModel" not found
in APPPATH\Controllers\MainController.php on line 30.
 1 SYSTEMPATH\CodeIgniter.php(919): App\Controllers\MainController->register()
 2 SYSTEMPATH\CodeIgniter.php(494): CodeIgniter\CodeIgniter->runController(Object(App\Controllers\MainController))
 3 SYSTEMPATH\CodeIgniter.php(353): CodeIgniter\CodeIgniter->handleRequest(null, Object(Config\Cache), false)
 4 FCPATH\index.php(89): CodeIgniter\CodeIgniter->run()
 5 SYSTEMPATH\Commands\Server\rewrite.php(47): require_once('C:\\laragon\\www\\projectbackend\\public\\index.php')
CRITICAL - 2023-11-07 08:41:06 --> Object of class stdClass could not be converted to string
in SYSTEMPATH\Database\Query.php on line 333.
 1 SYSTEMPATH\Database\Query.php(333): strtr('INSERT INTO `tbl_users` (`username`, `password`, `confirmpassword`, `office`, `phone_no`, `email`, `image`) VALUES (:username:, :password:, :confirmpassword:, :office:, :phone_no:, :email:, :image:)', [...])
 2 SYSTEMPATH\Database\Query.php(308): CodeIgniter\Database\Query->matchNamedBinds('INSERT INTO `tbl_users` (`username`, `password`, `confirmpassword`, `office`, `phone_no`, `email`, `image`) VALUES (:username:, :password:, :confirmpassword:, :office:, :phone_no:, :email:, :image:)', [...])
 3 SYSTEMPATH\Database\Query.php(159): CodeIgniter\Database\Query->compileBinds()
 4 SYSTEMPATH\Database\BaseConnection.php(606): CodeIgniter\Database\Query->getQuery()
 5 SYSTEMPATH\Database\BaseBuilder.php(2308): CodeIgniter\Database\BaseConnection->query('INSERT INTO `tbl_users` (`username`, `password`, `confirmpassword`, `office`, `phone_no`, `email`, `image`) VALUES (:username:, :password:, :confirmpassword:, :office:, :phone_no:, :email:, :image:)', [...], false)
 6 SYSTEMPATH\Model.php(319): CodeIgniter\Database\BaseBuilder->insert()
 7 SYSTEMPATH\BaseModel.php(788): CodeIgniter\Model->doInsert([...])
 8 SYSTEMPATH\Model.php(715): CodeIgniter\BaseModel->insert([...], false)
 9 SYSTEMPATH\BaseModel.php(698): CodeIgniter\Model->insert([...], false)
10 APPPATH\Controllers\MainController.php(31): CodeIgniter\BaseModel->save([...])
11 SYSTEMPATH\CodeIgniter.php(919): App\Controllers\MainController->register()
12 SYSTEMPATH\CodeIgniter.php(494): CodeIgniter\CodeIgniter->runController(Object(App\Controllers\MainController))
13 SYSTEMPATH\CodeIgniter.php(353): CodeIgniter\CodeIgniter->handleRequest(null, Object(Config\Cache), false)
14 FCPATH\index.php(89): CodeIgniter\CodeIgniter->run()
15 SYSTEMPATH\Commands\Server\rewrite.php(47): require_once('C:\\laragon\\www\\projectbackend\\public\\index.php')
CRITICAL - 2023-11-07 08:42:03 --> Object of class stdClass could not be converted to string
in SYSTEMPATH\Database\Query.php on line 333.
 1 SYSTEMPATH\Database\Query.php(333): strtr('INSERT INTO `tbl_users` (`username`, `password`, `confirmpassword`, `office`, `phone_no`, `email`, `image`) VALUES (:username:, :password:, :confirmpassword:, :office:, :phone_no:, :email:, :image:)', [...])
 2 SYSTEMPATH\Database\Query.php(308): CodeIgniter\Database\Query->matchNamedBinds('INSERT INTO `tbl_users` (`username`, `password`, `confirmpassword`, `office`, `phone_no`, `email`, `image`) VALUES (:username:, :password:, :confirmpassword:, :office:, :phone_no:, :email:, :image:)', [...])
 3 SYSTEMPATH\Database\Query.php(159): CodeIgniter\Database\Query->compileBinds()
 4 SYSTEMPATH\Database\BaseConnection.php(606): CodeIgniter\Database\Query->getQuery()
 5 SYSTEMPATH\Database\BaseBuilder.php(2308): CodeIgniter\Database\BaseConnection->query('INSERT INTO `tbl_users` (`username`, `password`, `confirmpassword`, `office`, `phone_no`, `email`, `image`) VALUES (:username:, :password:, :confirmpassword:, :office:, :phone_no:, :email:, :image:)', [...], false)
 6 SYSTEMPATH\Model.php(319): CodeIgniter\Database\BaseBuilder->insert()
 7 SYSTEMPATH\BaseModel.php(788): CodeIgniter\Model->doInsert([...])
 8 SYSTEMPATH\Model.php(715): CodeIgniter\BaseModel->insert([...], false)
 9 SYSTEMPATH\BaseModel.php(698): CodeIgniter\Model->insert([...], false)
10 APPPATH\Controllers\MainController.php(31): CodeIgniter\BaseModel->save([...])
11 SYSTEMPATH\CodeIgniter.php(919): App\Controllers\MainController->register()
12 SYSTEMPATH\CodeIgniter.php(494): CodeIgniter\CodeIgniter->runController(Object(App\Controllers\MainController))
13 SYSTEMPATH\CodeIgniter.php(353): CodeIgniter\CodeIgniter->handleRequest(null, Object(Config\Cache), false)
14 FCPATH\index.php(89): CodeIgniter\CodeIgniter->run()
15 SYSTEMPATH\Commands\Server\rewrite.php(47): require_once('C:\\laragon\\www\\projectbackend\\public\\index.php')
CRITICAL - 2023-11-07 08:42:11 --> Object of class stdClass could not be converted to string
in SYSTEMPATH\Database\Query.php on line 333.
 1 SYSTEMPATH\Database\Query.php(333): strtr('INSERT INTO `tbl_users` (`username`, `password`, `confirmpassword`, `office`, `phone_no`, `email`, `image`) VALUES (:username:, :password:, :confirmpassword:, :office:, :phone_no:, :email:, :image:)', [...])
 2 SYSTEMPATH\Database\Query.php(308): CodeIgniter\Database\Query->matchNamedBinds('INSERT INTO `tbl_users` (`username`, `password`, `confirmpassword`, `office`, `phone_no`, `email`, `image`) VALUES (:username:, :password:, :confirmpassword:, :office:, :phone_no:, :email:, :image:)', [...])
 3 SYSTEMPATH\Database\Query.php(159): CodeIgniter\Database\Query->compileBinds()
 4 SYSTEMPATH\Database\BaseConnection.php(606): CodeIgniter\Database\Query->getQuery()
 5 SYSTEMPATH\Database\BaseBuilder.php(2308): CodeIgniter\Database\BaseConnection->query('INSERT INTO `tbl_users` (`username`, `password`, `confirmpassword`, `office`, `phone_no`, `email`, `image`) VALUES (:username:, :password:, :confirmpassword:, :office:, :phone_no:, :email:, :image:)', [...], false)
 6 SYSTEMPATH\Model.php(319): CodeIgniter\Database\BaseBuilder->insert()
 7 SYSTEMPATH\BaseModel.php(788): CodeIgniter\Model->doInsert([...])
 8 SYSTEMPATH\Model.php(715): CodeIgniter\BaseModel->insert([...], false)
 9 SYSTEMPATH\BaseModel.php(698): CodeIgniter\Model->insert([...], false)
10 APPPATH\Controllers\MainController.php(31): CodeIgniter\BaseModel->save([...])
11 SYSTEMPATH\CodeIgniter.php(919): App\Controllers\MainController->register()
12 SYSTEMPATH\CodeIgniter.php(494): CodeIgniter\CodeIgniter->runController(Object(App\Controllers\MainController))
13 SYSTEMPATH\CodeIgniter.php(353): CodeIgniter\CodeIgniter->handleRequest(null, Object(Config\Cache), false)
14 FCPATH\index.php(89): CodeIgniter\CodeIgniter->run()
15 SYSTEMPATH\Commands\Server\rewrite.php(47): require_once('C:\\laragon\\www\\projectbackend\\public\\index.php')
CRITICAL - 2023-11-07 08:42:11 --> Object of class stdClass could not be converted to string
in SYSTEMPATH\Database\Query.php on line 333.
 1 SYSTEMPATH\Database\Query.php(333): strtr('INSERT INTO `tbl_users` (`username`, `password`, `confirmpassword`, `office`, `phone_no`, `email`, `image`) VALUES (:username:, :password:, :confirmpassword:, :office:, :phone_no:, :email:, :image:)', [...])
 2 SYSTEMPATH\Database\Query.php(308): CodeIgniter\Database\Query->matchNamedBinds('INSERT INTO `tbl_users` (`username`, `password`, `confirmpassword`, `office`, `phone_no`, `email`, `image`) VALUES (:username:, :password:, :confirmpassword:, :office:, :phone_no:, :email:, :image:)', [...])
 3 SYSTEMPATH\Database\Query.php(159): CodeIgniter\Database\Query->compileBinds()
 4 SYSTEMPATH\Database\BaseConnection.php(606): CodeIgniter\Database\Query->getQuery()
 5 SYSTEMPATH\Database\BaseBuilder.php(2308): CodeIgniter\Database\BaseConnection->query('INSERT INTO `tbl_users` (`username`, `password`, `confirmpassword`, `office`, `phone_no`, `email`, `image`) VALUES (:username:, :password:, :confirmpassword:, :office:, :phone_no:, :email:, :image:)', [...], false)
 6 SYSTEMPATH\Model.php(319): CodeIgniter\Database\BaseBuilder->insert()
 7 SYSTEMPATH\BaseModel.php(788): CodeIgniter\Model->doInsert([...])
 8 SYSTEMPATH\Model.php(715): CodeIgniter\BaseModel->insert([...], false)
 9 SYSTEMPATH\BaseModel.php(698): CodeIgniter\Model->insert([...], false)
10 APPPATH\Controllers\MainController.php(31): CodeIgniter\BaseModel->save([...])
11 SYSTEMPATH\CodeIgniter.php(919): App\Controllers\MainController->register()
12 SYSTEMPATH\CodeIgniter.php(494): CodeIgniter\CodeIgniter->runController(Object(App\Controllers\MainController))
13 SYSTEMPATH\CodeIgniter.php(353): CodeIgniter\CodeIgniter->handleRequest(null, Object(Config\Cache), false)
14 FCPATH\index.php(89): CodeIgniter\CodeIgniter->run()
15 SYSTEMPATH\Commands\Server\rewrite.php(47): require_once('C:\\laragon\\www\\projectbackend\\public\\index.php')
CRITICAL - 2023-11-07 08:42:11 --> Object of class stdClass could not be converted to string
in SYSTEMPATH\Database\Query.php on line 333.
 1 SYSTEMPATH\Database\Query.php(333): strtr('INSERT INTO `tbl_users` (`username`, `password`, `confirmpassword`, `office`, `phone_no`, `email`, `image`) VALUES (:username:, :password:, :confirmpassword:, :office:, :phone_no:, :email:, :image:)', [...])
 2 SYSTEMPATH\Database\Query.php(308): CodeIgniter\Database\Query->matchNamedBinds('INSERT INTO `tbl_users` (`username`, `password`, `confirmpassword`, `office`, `phone_no`, `email`, `image`) VALUES (:username:, :password:, :confirmpassword:, :office:, :phone_no:, :email:, :image:)', [...])
 3 SYSTEMPATH\Database\Query.php(159): CodeIgniter\Database\Query->compileBinds()
 4 SYSTEMPATH\Database\BaseConnection.php(606): CodeIgniter\Database\Query->getQuery()
 5 SYSTEMPATH\Database\BaseBuilder.php(2308): CodeIgniter\Database\BaseConnection->query('INSERT INTO `tbl_users` (`username`, `password`, `confirmpassword`, `office`, `phone_no`, `email`, `image`) VALUES (:username:, :password:, :confirmpassword:, :office:, :phone_no:, :email:, :image:)', [...], false)
 6 SYSTEMPATH\Model.php(319): CodeIgniter\Database\BaseBuilder->insert()
 7 SYSTEMPATH\BaseModel.php(788): CodeIgniter\Model->doInsert([...])
 8 SYSTEMPATH\Model.php(715): CodeIgniter\BaseModel->insert([...], false)
 9 SYSTEMPATH\BaseModel.php(698): CodeIgniter\Model->insert([...], false)
10 APPPATH\Controllers\MainController.php(31): CodeIgniter\BaseModel->save([...])
11 SYSTEMPATH\CodeIgniter.php(919): App\Controllers\MainController->register()
12 SYSTEMPATH\CodeIgniter.php(494): CodeIgniter\CodeIgniter->runController(Object(App\Controllers\MainController))
13 SYSTEMPATH\CodeIgniter.php(353): CodeIgniter\CodeIgniter->handleRequest(null, Object(Config\Cache), false)
14 FCPATH\index.php(89): CodeIgniter\CodeIgniter->run()
15 SYSTEMPATH\Commands\Server\rewrite.php(47): require_once('C:\\laragon\\www\\projectbackend\\public\\index.php')
CRITICAL - 2023-11-07 08:42:12 --> Object of class stdClass could not be converted to string
in SYSTEMPATH\Database\Query.php on line 333.
 1 SYSTEMPATH\Database\Query.php(333): strtr('INSERT INTO `tbl_users` (`username`, `password`, `confirmpassword`, `office`, `phone_no`, `email`, `image`) VALUES (:username:, :password:, :confirmpassword:, :office:, :phone_no:, :email:, :image:)', [...])
 2 SYSTEMPATH\Database\Query.php(308): CodeIgniter\Database\Query->matchNamedBinds('INSERT INTO `tbl_users` (`username`, `password`, `confirmpassword`, `office`, `phone_no`, `email`, `image`) VALUES (:username:, :password:, :confirmpassword:, :office:, :phone_no:, :email:, :image:)', [...])
 3 SYSTEMPATH\Database\Query.php(159): CodeIgniter\Database\Query->compileBinds()
 4 SYSTEMPATH\Database\BaseConnection.php(606): CodeIgniter\Database\Query->getQuery()
 5 SYSTEMPATH\Database\BaseBuilder.php(2308): CodeIgniter\Database\BaseConnection->query('INSERT INTO `tbl_users` (`username`, `password`, `confirmpassword`, `office`, `phone_no`, `email`, `image`) VALUES (:username:, :password:, :confirmpassword:, :office:, :phone_no:, :email:, :image:)', [...], false)
 6 SYSTEMPATH\Model.php(319): CodeIgniter\Database\BaseBuilder->insert()
 7 SYSTEMPATH\BaseModel.php(788): CodeIgniter\Model->doInsert([...])
 8 SYSTEMPATH\Model.php(715): CodeIgniter\BaseModel->insert([...], false)
 9 SYSTEMPATH\BaseModel.php(698): CodeIgniter\Model->insert([...], false)
10 APPPATH\Controllers\MainController.php(31): CodeIgniter\BaseModel->save([...])
11 SYSTEMPATH\CodeIgniter.php(919): App\Controllers\MainController->register()
12 SYSTEMPATH\CodeIgniter.php(494): CodeIgniter\CodeIgniter->runController(Object(App\Controllers\MainController))
13 SYSTEMPATH\CodeIgniter.php(353): CodeIgniter\CodeIgniter->handleRequest(null, Object(Config\Cache), false)
14 FCPATH\index.php(89): CodeIgniter\CodeIgniter->run()
15 SYSTEMPATH\Commands\Server\rewrite.php(47): require_once('C:\\laragon\\www\\projectbackend\\public\\index.php')
CRITICAL - 2023-11-07 08:42:12 --> Object of class stdClass could not be converted to string
in SYSTEMPATH\Database\Query.php on line 333.
 1 SYSTEMPATH\Database\Query.php(333): strtr('INSERT INTO `tbl_users` (`username`, `password`, `confirmpassword`, `office`, `phone_no`, `email`, `image`) VALUES (:username:, :password:, :confirmpassword:, :office:, :phone_no:, :email:, :image:)', [...])
 2 SYSTEMPATH\Database\Query.php(308): CodeIgniter\Database\Query->matchNamedBinds('INSERT INTO `tbl_users` (`username`, `password`, `confirmpassword`, `office`, `phone_no`, `email`, `image`) VALUES (:username:, :password:, :confirmpassword:, :office:, :phone_no:, :email:, :image:)', [...])
 3 SYSTEMPATH\Database\Query.php(159): CodeIgniter\Database\Query->compileBinds()
 4 SYSTEMPATH\Database\BaseConnection.php(606): CodeIgniter\Database\Query->getQuery()
 5 SYSTEMPATH\Database\BaseBuilder.php(2308): CodeIgniter\Database\BaseConnection->query('INSERT INTO `tbl_users` (`username`, `password`, `confirmpassword`, `office`, `phone_no`, `email`, `image`) VALUES (:username:, :password:, :confirmpassword:, :office:, :phone_no:, :email:, :image:)', [...], false)
 6 SYSTEMPATH\Model.php(319): CodeIgniter\Database\BaseBuilder->insert()
 7 SYSTEMPATH\BaseModel.php(788): CodeIgniter\Model->doInsert([...])
 8 SYSTEMPATH\Model.php(715): CodeIgniter\BaseModel->insert([...], false)
 9 SYSTEMPATH\BaseModel.php(698): CodeIgniter\Model->insert([...], false)
10 APPPATH\Controllers\MainController.php(31): CodeIgniter\BaseModel->save([...])
11 SYSTEMPATH\CodeIgniter.php(919): App\Controllers\MainController->register()
12 SYSTEMPATH\CodeIgniter.php(494): CodeIgniter\CodeIgniter->runController(Object(App\Controllers\MainController))
13 SYSTEMPATH\CodeIgniter.php(353): CodeIgniter\CodeIgniter->handleRequest(null, Object(Config\Cache), false)
14 FCPATH\index.php(89): CodeIgniter\CodeIgniter->run()
15 SYSTEMPATH\Commands\Server\rewrite.php(47): require_once('C:\\laragon\\www\\projectbackend\\public\\index.php')
CRITICAL - 2023-11-07 08:42:12 --> Object of class stdClass could not be converted to string
in SYSTEMPATH\Database\Query.php on line 333.
 1 SYSTEMPATH\Database\Query.php(333): strtr('INSERT INTO `tbl_users` (`username`, `password`, `confirmpassword`, `office`, `phone_no`, `email`, `image`) VALUES (:username:, :password:, :confirmpassword:, :office:, :phone_no:, :email:, :image:)', [...])
 2 SYSTEMPATH\Database\Query.php(308): CodeIgniter\Database\Query->matchNamedBinds('INSERT INTO `tbl_users` (`username`, `password`, `confirmpassword`, `office`, `phone_no`, `email`, `image`) VALUES (:username:, :password:, :confirmpassword:, :office:, :phone_no:, :email:, :image:)', [...])
 3 SYSTEMPATH\Database\Query.php(159): CodeIgniter\Database\Query->compileBinds()
 4 SYSTEMPATH\Database\BaseConnection.php(606): CodeIgniter\Database\Query->getQuery()
 5 SYSTEMPATH\Database\BaseBuilder.php(2308): CodeIgniter\Database\BaseConnection->query('INSERT INTO `tbl_users` (`username`, `password`, `confirmpassword`, `office`, `phone_no`, `email`, `image`) VALUES (:username:, :password:, :confirmpassword:, :office:, :phone_no:, :email:, :image:)', [...], false)
 6 SYSTEMPATH\Model.php(319): CodeIgniter\Database\BaseBuilder->insert()
 7 SYSTEMPATH\BaseModel.php(788): CodeIgniter\Model->doInsert([...])
 8 SYSTEMPATH\Model.php(715): CodeIgniter\BaseModel->insert([...], false)
 9 SYSTEMPATH\BaseModel.php(698): CodeIgniter\Model->insert([...], false)
10 APPPATH\Controllers\MainController.php(31): CodeIgniter\BaseModel->save([...])
11 SYSTEMPATH\CodeIgniter.php(919): App\Controllers\MainController->register()
12 SYSTEMPATH\CodeIgniter.php(494): CodeIgniter\CodeIgniter->runController(Object(App\Controllers\MainController))
13 SYSTEMPATH\CodeIgniter.php(353): CodeIgniter\CodeIgniter->handleRequest(null, Object(Config\Cache), false)
14 FCPATH\index.php(89): CodeIgniter\CodeIgniter->run()
15 SYSTEMPATH\Commands\Server\rewrite.php(47): require_once('C:\\laragon\\www\\projectbackend\\public\\index.php')
CRITICAL - 2023-11-07 08:42:32 --> Object of class stdClass could not be converted to string
in SYSTEMPATH\Database\Query.php on line 333.
 1 SYSTEMPATH\Database\Query.php(333): strtr('INSERT INTO `tbl_users` (`username`, `password`, `confirmpassword`, `office`, `phone_no`, `email`, `image`) VALUES (:username:, :password:, :confirmpassword:, :office:, :phone_no:, :email:, :image:)', [...])
 2 SYSTEMPATH\Database\Query.php(308): CodeIgniter\Database\Query->matchNamedBinds('INSERT INTO `tbl_users` (`username`, `password`, `confirmpassword`, `office`, `phone_no`, `email`, `image`) VALUES (:username:, :password:, :confirmpassword:, :office:, :phone_no:, :email:, :image:)', [...])
 3 SYSTEMPATH\Database\Query.php(159): CodeIgniter\Database\Query->compileBinds()
 4 SYSTEMPATH\Database\BaseConnection.php(606): CodeIgniter\Database\Query->getQuery()
 5 SYSTEMPATH\Database\BaseBuilder.php(2308): CodeIgniter\Database\BaseConnection->query('INSERT INTO `tbl_users` (`username`, `password`, `confirmpassword`, `office`, `phone_no`, `email`, `image`) VALUES (:username:, :password:, :confirmpassword:, :office:, :phone_no:, :email:, :image:)', [...], false)
 6 SYSTEMPATH\Model.php(319): CodeIgniter\Database\BaseBuilder->insert()
 7 SYSTEMPATH\BaseModel.php(788): CodeIgniter\Model->doInsert([...])
 8 SYSTEMPATH\Model.php(715): CodeIgniter\BaseModel->insert([...], false)
 9 SYSTEMPATH\BaseModel.php(698): CodeIgniter\Model->insert([...], false)
10 APPPATH\Controllers\MainController.php(31): CodeIgniter\BaseModel->save([...])
11 SYSTEMPATH\CodeIgniter.php(919): App\Controllers\MainController->register()
12 SYSTEMPATH\CodeIgniter.php(494): CodeIgniter\CodeIgniter->runController(Object(App\Controllers\MainController))
13 SYSTEMPATH\CodeIgniter.php(353): CodeIgniter\CodeIgniter->handleRequest(null, Object(Config\Cache), false)
14 FCPATH\index.php(89): CodeIgniter\CodeIgniter->run()
15 SYSTEMPATH\Commands\Server\rewrite.php(47): require_once('C:\\laragon\\www\\projectbackend\\public\\index.php')
CRITICAL - 2023-11-07 08:46:31 --> Object of class stdClass could not be converted to string
in SYSTEMPATH\Database\Query.php on line 333.
 1 SYSTEMPATH\Database\Query.php(333): strtr('INSERT INTO `tbl_users` (`username`, `password`, `confirmpassword`, `office`, `phone_no`, `email`, `image`) VALUES (:username:, :password:, :confirmpassword:, :office:, :phone_no:, :email:, :image:)', [...])
 2 SYSTEMPATH\Database\Query.php(308): CodeIgniter\Database\Query->matchNamedBinds('INSERT INTO `tbl_users` (`username`, `password`, `confirmpassword`, `office`, `phone_no`, `email`, `image`) VALUES (:username:, :password:, :confirmpassword:, :office:, :phone_no:, :email:, :image:)', [...])
 3 SYSTEMPATH\Database\Query.php(159): CodeIgniter\Database\Query->compileBinds()
 4 SYSTEMPATH\Database\BaseConnection.php(606): CodeIgniter\Database\Query->getQuery()
 5 SYSTEMPATH\Database\BaseBuilder.php(2308): CodeIgniter\Database\BaseConnection->query('INSERT INTO `tbl_users` (`username`, `password`, `confirmpassword`, `office`, `phone_no`, `email`, `image`) VALUES (:username:, :password:, :confirmpassword:, :office:, :phone_no:, :email:, :image:)', [...], false)
 6 SYSTEMPATH\Model.php(319): CodeIgniter\Database\BaseBuilder->insert()
 7 SYSTEMPATH\BaseModel.php(788): CodeIgniter\Model->doInsert([...])
 8 SYSTEMPATH\Model.php(715): CodeIgniter\BaseModel->insert([...], false)
 9 SYSTEMPATH\BaseModel.php(698): CodeIgniter\Model->insert([...], false)
10 APPPATH\Controllers\MainController.php(31): CodeIgniter\BaseModel->save([...])
11 SYSTEMPATH\CodeIgniter.php(919): App\Controllers\MainController->register()
12 SYSTEMPATH\CodeIgniter.php(494): CodeIgniter\CodeIgniter->runController(Object(App\Controllers\MainController))
13 SYSTEMPATH\CodeIgniter.php(353): CodeIgniter\CodeIgniter->handleRequest(null, Object(Config\Cache), false)
14 FCPATH\index.php(89): CodeIgniter\CodeIgniter->run()
15 SYSTEMPATH\Commands\Server\rewrite.php(47): require_once('C:\\laragon\\www\\projectbackend\\public\\index.php')
CRITICAL - 2023-11-07 09:00:25 --> Object of class stdClass could not be converted to string
in SYSTEMPATH\Database\Query.php on line 333.
 1 SYSTEMPATH\Database\Query.php(333): strtr('INSERT INTO `tbl_users` (`username`, `password`, `confirmpassword`, `office`, `phone_no`, `email`, `image`) VALUES (:username:, :password:, :confirmpassword:, :office:, :phone_no:, :email:, :image:)', [...])
 2 SYSTEMPATH\Database\Query.php(308): CodeIgniter\Database\Query->matchNamedBinds('INSERT INTO `tbl_users` (`username`, `password`, `confirmpassword`, `office`, `phone_no`, `email`, `image`) VALUES (:username:, :password:, :confirmpassword:, :office:, :phone_no:, :email:, :image:)', [...])
 3 SYSTEMPATH\Database\Query.php(159): CodeIgniter\Database\Query->compileBinds()
 4 SYSTEMPATH\Database\BaseConnection.php(606): CodeIgniter\Database\Query->getQuery()
 5 SYSTEMPATH\Database\BaseBuilder.php(2308): CodeIgniter\Database\BaseConnection->query('INSERT INTO `tbl_users` (`username`, `password`, `confirmpassword`, `office`, `phone_no`, `email`, `image`) VALUES (:username:, :password:, :confirmpassword:, :office:, :phone_no:, :email:, :image:)', [...], false)
 6 SYSTEMPATH\Model.php(319): CodeIgniter\Database\BaseBuilder->insert()
 7 SYSTEMPATH\BaseModel.php(788): CodeIgniter\Model->doInsert([...])
 8 SYSTEMPATH\Model.php(715): CodeIgniter\BaseModel->insert([...], false)
 9 SYSTEMPATH\BaseModel.php(698): CodeIgniter\Model->insert([...], false)
10 APPPATH\Controllers\MainController.php(31): CodeIgniter\BaseModel->save([...])
11 SYSTEMPATH\CodeIgniter.php(919): App\Controllers\MainController->register()
12 SYSTEMPATH\CodeIgniter.php(494): CodeIgniter\CodeIgniter->runController(Object(App\Controllers\MainController))
13 SYSTEMPATH\CodeIgniter.php(353): CodeIgniter\CodeIgniter->handleRequest(null, Object(Config\Cache), false)
14 FCPATH\index.php(89): CodeIgniter\CodeIgniter->run()
15 SYSTEMPATH\Commands\Server\rewrite.php(47): require_once('C:\\laragon\\www\\projectbackend\\public\\index.php')
CRITICAL - 2023-11-07 09:00:52 --> Object of class stdClass could not be converted to string
in SYSTEMPATH\Database\Query.php on line 333.
 1 SYSTEMPATH\Database\Query.php(333): strtr('INSERT INTO `tbl_users` (`username`, `password`, `confirmpassword`, `office`, `phone_no`, `email`, `image`) VALUES (:username:, :password:, :confirmpassword:, :office:, :phone_no:, :email:, :image:)', [...])
 2 SYSTEMPATH\Database\Query.php(308): CodeIgniter\Database\Query->matchNamedBinds('INSERT INTO `tbl_users` (`username`, `password`, `confirmpassword`, `office`, `phone_no`, `email`, `image`) VALUES (:username:, :password:, :confirmpassword:, :office:, :phone_no:, :email:, :image:)', [...])
 3 SYSTEMPATH\Database\Query.php(159): CodeIgniter\Database\Query->compileBinds()
 4 SYSTEMPATH\Database\BaseConnection.php(606): CodeIgniter\Database\Query->getQuery()
 5 SYSTEMPATH\Database\BaseBuilder.php(2308): CodeIgniter\Database\BaseConnection->query('INSERT INTO `tbl_users` (`username`, `password`, `confirmpassword`, `office`, `phone_no`, `email`, `image`) VALUES (:username:, :password:, :confirmpassword:, :office:, :phone_no:, :email:, :image:)', [...], false)
 6 SYSTEMPATH\Model.php(319): CodeIgniter\Database\BaseBuilder->insert()
 7 SYSTEMPATH\BaseModel.php(788): CodeIgniter\Model->doInsert([...])
 8 SYSTEMPATH\Model.php(715): CodeIgniter\BaseModel->insert([...], false)
 9 SYSTEMPATH\BaseModel.php(698): CodeIgniter\Model->insert([...], false)
10 APPPATH\Controllers\MainController.php(31): CodeIgniter\BaseModel->save([...])
11 SYSTEMPATH\CodeIgniter.php(919): App\Controllers\MainController->register()
12 SYSTEMPATH\CodeIgniter.php(494): CodeIgniter\CodeIgniter->runController(Object(App\Controllers\MainController))
13 SYSTEMPATH\CodeIgniter.php(353): CodeIgniter\CodeIgniter->handleRequest(null, Object(Config\Cache), false)
14 FCPATH\index.php(89): CodeIgniter\CodeIgniter->run()
15 SYSTEMPATH\Commands\Server\rewrite.php(47): require_once('C:\\laragon\\www\\projectbackend\\public\\index.php')
CRITICAL - 2023-11-07 09:01:03 --> Object of class stdClass could not be converted to string
in SYSTEMPATH\Database\Query.php on line 333.
 1 SYSTEMPATH\Database\Query.php(333): strtr('INSERT INTO `tbl_users` (`username`, `password`, `confirmpassword`, `office`, `phone_no`, `email`, `image`) VALUES (:username:, :password:, :confirmpassword:, :office:, :phone_no:, :email:, :image:)', [...])
 2 SYSTEMPATH\Database\Query.php(308): CodeIgniter\Database\Query->matchNamedBinds('INSERT INTO `tbl_users` (`username`, `password`, `confirmpassword`, `office`, `phone_no`, `email`, `image`) VALUES (:username:, :password:, :confirmpassword:, :office:, :phone_no:, :email:, :image:)', [...])
 3 SYSTEMPATH\Database\Query.php(159): CodeIgniter\Database\Query->compileBinds()
 4 SYSTEMPATH\Database\BaseConnection.php(606): CodeIgniter\Database\Query->getQuery()
 5 SYSTEMPATH\Database\BaseBuilder.php(2308): CodeIgniter\Database\BaseConnection->query('INSERT INTO `tbl_users` (`username`, `password`, `confirmpassword`, `office`, `phone_no`, `email`, `image`) VALUES (:username:, :password:, :confirmpassword:, :office:, :phone_no:, :email:, :image:)', [...], false)
 6 SYSTEMPATH\Model.php(319): CodeIgniter\Database\BaseBuilder->insert()
 7 SYSTEMPATH\BaseModel.php(788): CodeIgniter\Model->doInsert([...])
 8 SYSTEMPATH\Model.php(715): CodeIgniter\BaseModel->insert([...], false)
 9 SYSTEMPATH\BaseModel.php(698): CodeIgniter\Model->insert([...], false)
10 APPPATH\Controllers\MainController.php(31): CodeIgniter\BaseModel->save([...])
11 SYSTEMPATH\CodeIgniter.php(919): App\Controllers\MainController->register()
12 SYSTEMPATH\CodeIgniter.php(494): CodeIgniter\CodeIgniter->runController(Object(App\Controllers\MainController))
13 SYSTEMPATH\CodeIgniter.php(353): CodeIgniter\CodeIgniter->handleRequest(null, Object(Config\Cache), false)
14 FCPATH\index.php(89): CodeIgniter\CodeIgniter->run()
15 SYSTEMPATH\Commands\Server\rewrite.php(47): require_once('C:\\laragon\\www\\projectbackend\\public\\index.php')
ERROR - 2023-11-07 10:02:53 --> mysqli_sql_exception: Table 'project.admins' doesn't exist in C:\laragon\www\projectbackend\system\Database\MySQLi\Connection.php:306
Stack trace:
#0 C:\laragon\www\projectbackend\system\Database\MySQLi\Connection.php(306): mysqli->query('SELECT *\nFROM `...', 0)
#1 C:\laragon\www\projectbackend\system\Database\BaseConnection.php(692): CodeIgniter\Database\MySQLi\Connection->execute('SELECT *\nFROM `...')
#2 C:\laragon\www\projectbackend\system\Database\BaseConnection.php(606): CodeIgniter\Database\BaseConnection->simpleQuery('SELECT *\nFROM `...')
#3 C:\laragon\www\projectbackend\system\Database\BaseBuilder.php(1615): CodeIgniter\Database\BaseConnection->query('SELECT *\nFROM `...', Array, false)
#4 C:\laragon\www\projectbackend\system\Model.php(237): CodeIgniter\Database\BaseBuilder->get()
#5 C:\laragon\www\projectbackend\system\BaseModel.php(624): CodeIgniter\Model->doFindAll(0, 0)
#6 C:\laragon\www\projectbackend\app\Controllers\MainController.php(67): CodeIgniter\BaseModel->findAll()
#7 C:\laragon\www\projectbackend\system\CodeIgniter.php(919): App\Controllers\MainController->getAdmins()
#8 C:\laragon\www\projectbackend\system\CodeIgniter.php(494): CodeIgniter\CodeIgniter->runController(Object(App\Controllers\MainController))
#9 C:\laragon\www\projectbackend\system\CodeIgniter.php(353): CodeIgniter\CodeIgniter->handleRequest(NULL, Object(Config\Cache), false)
#10 C:\laragon\www\projectbackend\public\index.php(89): CodeIgniter\CodeIgniter->run()
#11 C:\laragon\www\projectbackend\system\Commands\Server\rewrite.php(47): require_once('C:\\laragon\\www\\...')
#12 {main}
CRITICAL - 2023-11-07 10:02:53 --> Table 'project.admins' doesn't exist
in SYSTEMPATH\Database\BaseConnection.php on line 646.
 1 SYSTEMPATH\Database\BaseBuilder.php(1615): CodeIgniter\Database\BaseConnection->query('SELECT *
FROM `admins`', [], false)
 2 SYSTEMPATH\Model.php(237): CodeIgniter\Database\BaseBuilder->get()
 3 SYSTEMPATH\BaseModel.php(624): CodeIgniter\Model->doFindAll(0, 0)
 4 APPPATH\Controllers\MainController.php(67): CodeIgniter\BaseModel->findAll()
 5 SYSTEMPATH\CodeIgniter.php(919): App\Controllers\MainController->getAdmins()
 6 SYSTEMPATH\CodeIgniter.php(494): CodeIgniter\CodeIgniter->runController(Object(App\Controllers\MainController))
 7 SYSTEMPATH\CodeIgniter.php(353): CodeIgniter\CodeIgniter->handleRequest(null, Object(Config\Cache), false)
 8 FCPATH\index.php(89): CodeIgniter\CodeIgniter->run()
 9 SYSTEMPATH\Commands\Server\rewrite.php(47): require_once('C:\\laragon\\www\\projectbackend\\public\\index.php')
ERROR - 2023-11-07 10:02:55 --> mysqli_sql_exception: Table 'project.admins' doesn't exist in C:\laragon\www\projectbackend\system\Database\MySQLi\Connection.php:306
Stack trace:
#0 C:\laragon\www\projectbackend\system\Database\MySQLi\Connection.php(306): mysqli->query('SELECT *\nFROM `...', 0)
#1 C:\laragon\www\projectbackend\system\Database\BaseConnection.php(692): CodeIgniter\Database\MySQLi\Connection->execute('SELECT *\nFROM `...')
#2 C:\laragon\www\projectbackend\system\Database\BaseConnection.php(606): CodeIgniter\Database\BaseConnection->simpleQuery('SELECT *\nFROM `...')
#3 C:\laragon\www\projectbackend\system\Database\BaseBuilder.php(1615): CodeIgniter\Database\BaseConnection->query('SELECT *\nFROM `...', Array, false)
#4 C:\laragon\www\projectbackend\system\Model.php(237): CodeIgniter\Database\BaseBuilder->get()
#5 C:\laragon\www\projectbackend\system\BaseModel.php(624): CodeIgniter\Model->doFindAll(0, 0)
#6 C:\laragon\www\projectbackend\app\Controllers\MainController.php(67): CodeIgniter\BaseModel->findAll()
#7 C:\laragon\www\projectbackend\system\CodeIgniter.php(919): App\Controllers\MainController->getAdmins()
#8 C:\laragon\www\projectbackend\system\CodeIgniter.php(494): CodeIgniter\CodeIgniter->runController(Object(App\Controllers\MainController))
#9 C:\laragon\www\projectbackend\system\CodeIgniter.php(353): CodeIgniter\CodeIgniter->handleRequest(NULL, Object(Config\Cache), false)
#10 C:\laragon\www\projectbackend\public\index.php(89): CodeIgniter\CodeIgniter->run()
#11 C:\laragon\www\projectbackend\system\Commands\Server\rewrite.php(47): require_once('C:\\laragon\\www\\...')
#12 {main}
CRITICAL - 2023-11-07 10:02:55 --> Table 'project.admins' doesn't exist
in SYSTEMPATH\Database\BaseConnection.php on line 646.
 1 SYSTEMPATH\Database\BaseBuilder.php(1615): CodeIgniter\Database\BaseConnection->query('SELECT *
FROM `admins`', [], false)
 2 SYSTEMPATH\Model.php(237): CodeIgniter\Database\BaseBuilder->get()
 3 SYSTEMPATH\BaseModel.php(624): CodeIgniter\Model->doFindAll(0, 0)
 4 APPPATH\Controllers\MainController.php(67): CodeIgniter\BaseModel->findAll()
 5 SYSTEMPATH\CodeIgniter.php(919): App\Controllers\MainController->getAdmins()
 6 SYSTEMPATH\CodeIgniter.php(494): CodeIgniter\CodeIgniter->runController(Object(App\Controllers\MainController))
 7 SYSTEMPATH\CodeIgniter.php(353): CodeIgniter\CodeIgniter->handleRequest(null, Object(Config\Cache), false)
 8 FCPATH\index.php(89): CodeIgniter\CodeIgniter->run()
 9 SYSTEMPATH\Commands\Server\rewrite.php(47): require_once('C:\\laragon\\www\\projectbackend\\public\\index.php')
ERROR - 2023-11-07 10:02:57 --> mysqli_sql_exception: Table 'project.admins' doesn't exist in C:\laragon\www\projectbackend\system\Database\MySQLi\Connection.php:306
Stack trace:
#0 C:\laragon\www\projectbackend\system\Database\MySQLi\Connection.php(306): mysqli->query('SELECT *\nFROM `...', 0)
#1 C:\laragon\www\projectbackend\system\Database\BaseConnection.php(692): CodeIgniter\Database\MySQLi\Connection->execute('SELECT *\nFROM `...')
#2 C:\laragon\www\projectbackend\system\Database\BaseConnection.php(606): CodeIgniter\Database\BaseConnection->simpleQuery('SELECT *\nFROM `...')
#3 C:\laragon\www\projectbackend\system\Database\BaseBuilder.php(1615): CodeIgniter\Database\BaseConnection->query('SELECT *\nFROM `...', Array, false)
#4 C:\laragon\www\projectbackend\system\Model.php(237): CodeIgniter\Database\BaseBuilder->get()
#5 C:\laragon\www\projectbackend\system\BaseModel.php(624): CodeIgniter\Model->doFindAll(0, 0)
#6 C:\laragon\www\projectbackend\app\Controllers\MainController.php(67): CodeIgniter\BaseModel->findAll()
#7 C:\laragon\www\projectbackend\system\CodeIgniter.php(919): App\Controllers\MainController->getAdmins()
#8 C:\laragon\www\projectbackend\system\CodeIgniter.php(494): CodeIgniter\CodeIgniter->runController(Object(App\Controllers\MainController))
#9 C:\laragon\www\projectbackend\system\CodeIgniter.php(353): CodeIgniter\CodeIgniter->handleRequest(NULL, Object(Config\Cache), false)
#10 C:\laragon\www\projectbackend\public\index.php(89): CodeIgniter\CodeIgniter->run()
#11 C:\laragon\www\projectbackend\system\Commands\Server\rewrite.php(47): require_once('C:\\laragon\\www\\...')
#12 {main}
CRITICAL - 2023-11-07 10:02:57 --> Table 'project.admins' doesn't exist
in SYSTEMPATH\Database\BaseConnection.php on line 646.
 1 SYSTEMPATH\Database\BaseBuilder.php(1615): CodeIgniter\Database\BaseConnection->query('SELECT *
FROM `admins`', [], false)
 2 SYSTEMPATH\Model.php(237): CodeIgniter\Database\BaseBuilder->get()
 3 SYSTEMPATH\BaseModel.php(624): CodeIgniter\Model->doFindAll(0, 0)
 4 APPPATH\Controllers\MainController.php(67): CodeIgniter\BaseModel->findAll()
 5 SYSTEMPATH\CodeIgniter.php(919): App\Controllers\MainController->getAdmins()
 6 SYSTEMPATH\CodeIgniter.php(494): CodeIgniter\CodeIgniter->runController(Object(App\Controllers\MainController))
 7 SYSTEMPATH\CodeIgniter.php(353): CodeIgniter\CodeIgniter->handleRequest(null, Object(Config\Cache), false)
 8 FCPATH\index.php(89): CodeIgniter\CodeIgniter->run()
 9 SYSTEMPATH\Commands\Server\rewrite.php(47): require_once('C:\\laragon\\www\\projectbackend\\public\\index.php')
ERROR - 2023-11-07 10:03:00 --> mysqli_sql_exception: Table 'project.admins' doesn't exist in C:\laragon\www\projectbackend\system\Database\MySQLi\Connection.php:306
Stack trace:
#0 C:\laragon\www\projectbackend\system\Database\MySQLi\Connection.php(306): mysqli->query('SELECT *\nFROM `...', 0)
#1 C:\laragon\www\projectbackend\system\Database\BaseConnection.php(692): CodeIgniter\Database\MySQLi\Connection->execute('SELECT *\nFROM `...')
#2 C:\laragon\www\projectbackend\system\Database\BaseConnection.php(606): CodeIgniter\Database\BaseConnection->simpleQuery('SELECT *\nFROM `...')
#3 C:\laragon\www\projectbackend\system\Database\BaseBuilder.php(1615): CodeIgniter\Database\BaseConnection->query('SELECT *\nFROM `...', Array, false)
#4 C:\laragon\www\projectbackend\system\Model.php(237): CodeIgniter\Database\BaseBuilder->get()
#5 C:\laragon\www\projectbackend\system\BaseModel.php(624): CodeIgniter\Model->doFindAll(0, 0)
#6 C:\laragon\www\projectbackend\app\Controllers\MainController.php(67): CodeIgniter\BaseModel->findAll()
#7 C:\laragon\www\projectbackend\system\CodeIgniter.php(919): App\Controllers\MainController->getAdmins()
#8 C:\laragon\www\projectbackend\system\CodeIgniter.php(494): CodeIgniter\CodeIgniter->runController(Object(App\Controllers\MainController))
#9 C:\laragon\www\projectbackend\system\CodeIgniter.php(353): CodeIgniter\CodeIgniter->handleRequest(NULL, Object(Config\Cache), false)
#10 C:\laragon\www\projectbackend\public\index.php(89): CodeIgniter\CodeIgniter->run()
#11 C:\laragon\www\projectbackend\system\Commands\Server\rewrite.php(47): require_once('C:\\laragon\\www\\...')
#12 {main}
CRITICAL - 2023-11-07 10:03:00 --> Table 'project.admins' doesn't exist
in SYSTEMPATH\Database\BaseConnection.php on line 646.
 1 SYSTEMPATH\Database\BaseBuilder.php(1615): CodeIgniter\Database\BaseConnection->query('SELECT *
FROM `admins`', [], false)
 2 SYSTEMPATH\Model.php(237): CodeIgniter\Database\BaseBuilder->get()
 3 SYSTEMPATH\BaseModel.php(624): CodeIgniter\Model->doFindAll(0, 0)
 4 APPPATH\Controllers\MainController.php(67): CodeIgniter\BaseModel->findAll()
 5 SYSTEMPATH\CodeIgniter.php(919): App\Controllers\MainController->getAdmins()
 6 SYSTEMPATH\CodeIgniter.php(494): CodeIgniter\CodeIgniter->runController(Object(App\Controllers\MainController))
 7 SYSTEMPATH\CodeIgniter.php(353): CodeIgniter\CodeIgniter->handleRequest(null, Object(Config\Cache), false)
 8 FCPATH\index.php(89): CodeIgniter\CodeIgniter->run()
 9 SYSTEMPATH\Commands\Server\rewrite.php(47): require_once('C:\\laragon\\www\\projectbackend\\public\\index.php')
ERROR - 2023-11-07 10:04:12 --> mysqli_sql_exception: Table 'project.admins' doesn't exist in C:\laragon\www\projectbackend\system\Database\MySQLi\Connection.php:306
Stack trace:
#0 C:\laragon\www\projectbackend\system\Database\MySQLi\Connection.php(306): mysqli->query('SELECT *\nFROM `...', 0)
#1 C:\laragon\www\projectbackend\system\Database\BaseConnection.php(692): CodeIgniter\Database\MySQLi\Connection->execute('SELECT *\nFROM `...')
#2 C:\laragon\www\projectbackend\system\Database\BaseConnection.php(606): CodeIgniter\Database\BaseConnection->simpleQuery('SELECT *\nFROM `...')
#3 C:\laragon\www\projectbackend\system\Database\BaseBuilder.php(1615): CodeIgniter\Database\BaseConnection->query('SELECT *\nFROM `...', Array, false)
#4 C:\laragon\www\projectbackend\system\Model.php(237): CodeIgniter\Database\BaseBuilder->get()
#5 C:\laragon\www\projectbackend\system\BaseModel.php(624): CodeIgniter\Model->doFindAll(0, 0)
#6 C:\laragon\www\projectbackend\app\Controllers\MainController.php(67): CodeIgniter\BaseModel->findAll()
#7 C:\laragon\www\projectbackend\system\CodeIgniter.php(919): App\Controllers\MainController->getAdmins()
#8 C:\laragon\www\projectbackend\system\CodeIgniter.php(494): CodeIgniter\CodeIgniter->runController(Object(App\Controllers\MainController))
#9 C:\laragon\www\projectbackend\system\CodeIgniter.php(353): CodeIgniter\CodeIgniter->handleRequest(NULL, Object(Config\Cache), false)
#10 C:\laragon\www\projectbackend\public\index.php(89): CodeIgniter\CodeIgniter->run()
#11 C:\laragon\www\projectbackend\system\Commands\Server\rewrite.php(47): require_once('C:\\laragon\\www\\...')
#12 {main}
CRITICAL - 2023-11-07 10:04:12 --> Table 'project.admins' doesn't exist
in SYSTEMPATH\Database\BaseConnection.php on line 646.
 1 SYSTEMPATH\Database\BaseBuilder.php(1615): CodeIgniter\Database\BaseConnection->query('SELECT *
FROM `admins`', [], false)
 2 SYSTEMPATH\Model.php(237): CodeIgniter\Database\BaseBuilder->get()
 3 SYSTEMPATH\BaseModel.php(624): CodeIgniter\Model->doFindAll(0, 0)
 4 APPPATH\Controllers\MainController.php(67): CodeIgniter\BaseModel->findAll()
 5 SYSTEMPATH\CodeIgniter.php(919): App\Controllers\MainController->getAdmins()
 6 SYSTEMPATH\CodeIgniter.php(494): CodeIgniter\CodeIgniter->runController(Object(App\Controllers\MainController))
 7 SYSTEMPATH\CodeIgniter.php(353): CodeIgniter\CodeIgniter->handleRequest(null, Object(Config\Cache), false)
 8 FCPATH\index.php(89): CodeIgniter\CodeIgniter->run()
 9 SYSTEMPATH\Commands\Server\rewrite.php(47): require_once('C:\\laragon\\www\\projectbackend\\public\\index.php')
ERROR - 2023-11-07 10:04:33 --> mysqli_sql_exception: Table 'project.admins' doesn't exist in C:\laragon\www\projectbackend\system\Database\MySQLi\Connection.php:306
Stack trace:
#0 C:\laragon\www\projectbackend\system\Database\MySQLi\Connection.php(306): mysqli->query('SELECT *\nFROM `...', 0)
#1 C:\laragon\www\projectbackend\system\Database\BaseConnection.php(692): CodeIgniter\Database\MySQLi\Connection->execute('SELECT *\nFROM `...')
#2 C:\laragon\www\projectbackend\system\Database\BaseConnection.php(606): CodeIgniter\Database\BaseConnection->simpleQuery('SELECT *\nFROM `...')
#3 C:\laragon\www\projectbackend\system\Database\BaseBuilder.php(1615): CodeIgniter\Database\BaseConnection->query('SELECT *\nFROM `...', Array, false)
#4 C:\laragon\www\projectbackend\system\Model.php(237): CodeIgniter\Database\BaseBuilder->get()
#5 C:\laragon\www\projectbackend\system\BaseModel.php(624): CodeIgniter\Model->doFindAll(0, 0)
#6 C:\laragon\www\projectbackend\app\Controllers\MainController.php(67): CodeIgniter\BaseModel->findAll()
#7 C:\laragon\www\projectbackend\system\CodeIgniter.php(919): App\Controllers\MainController->getAdmins()
#8 C:\laragon\www\projectbackend\system\CodeIgniter.php(494): CodeIgniter\CodeIgniter->runController(Object(App\Controllers\MainController))
#9 C:\laragon\www\projectbackend\system\CodeIgniter.php(353): CodeIgniter\CodeIgniter->handleRequest(NULL, Object(Config\Cache), false)
#10 C:\laragon\www\projectbackend\public\index.php(89): CodeIgniter\CodeIgniter->run()
#11 C:\laragon\www\projectbackend\system\Commands\Server\rewrite.php(47): require_once('C:\\laragon\\www\\...')
#12 {main}
CRITICAL - 2023-11-07 10:04:33 --> Table 'project.admins' doesn't exist
in SYSTEMPATH\Database\BaseConnection.php on line 646.
 1 SYSTEMPATH\Database\BaseBuilder.php(1615): CodeIgniter\Database\BaseConnection->query('SELECT *
FROM `admins`', [], false)
 2 SYSTEMPATH\Model.php(237): CodeIgniter\Database\BaseBuilder->get()
 3 SYSTEMPATH\BaseModel.php(624): CodeIgniter\Model->doFindAll(0, 0)
 4 APPPATH\Controllers\MainController.php(67): CodeIgniter\BaseModel->findAll()
 5 SYSTEMPATH\CodeIgniter.php(919): App\Controllers\MainController->getAdmins()
 6 SYSTEMPATH\CodeIgniter.php(494): CodeIgniter\CodeIgniter->runController(Object(App\Controllers\MainController))
 7 SYSTEMPATH\CodeIgniter.php(353): CodeIgniter\CodeIgniter->handleRequest(null, Object(Config\Cache), false)
 8 FCPATH\index.php(89): CodeIgniter\CodeIgniter->run()
 9 SYSTEMPATH\Commands\Server\rewrite.php(47): require_once('C:\\laragon\\www\\projectbackend\\public\\index.php')
